<?xml version="1.0" encoding="UTF-8"?>
<!-- Generated by org.testng.reporters.JUnitReportReporter -->
<testsuite skipped="0" hostname="DESKTOP-ETQ7N34" name="org.abc.B" tests="3" failures="0" timestamp="29 Aug 2023 05:44:36 GMT" time="0.038" errors="0">
  <testcase name="b1" time="0.011" classname="org.abc.B"/>
  <testcase name="b3" time="0.013" classname="org.abc.B"/>
  <testcase name="b2" time="0.014" classname="org.abc.B"/>
</testsuite> <!-- org.abc.B -->
