<?xml version="1.0" encoding="UTF-8"?>
<!-- Generated by org.testng.reporters.JUnitReportReporter -->
<testsuite skipped="0" hostname="DESKTOP-ETQ7N34" name="org.abc.A" tests="3" failures="0" timestamp="29 Aug 2023 05:44:36 GMT" time="0.170" errors="0">
  <testcase name="a3" time="0.015" classname="org.abc.A"/>
  <testcase name="a1" time="0.139" classname="org.abc.A"/>
  <testcase name="a2" time="0.016" classname="org.abc.A"/>
</testsuite> <!-- org.abc.A -->
