<?xml version="1.0" encoding="UTF-8"?>
<!-- Generated by org.testng.reporters.JUnitReportReporter -->
<testsuite skipped="0" hostname="DESKTOP-ETQ7N34" name="org.abc.C" tests="3" failures="0" timestamp="29 Aug 2023 05:44:36 GMT" time="0.016" errors="0">
  <testcase name="c2" time="0.008" classname="org.abc.C"/>
  <testcase name="c3" time="0.004" classname="org.abc.C"/>
  <testcase name="c1" time="0.004" classname="org.abc.C"/>
</testsuite> <!-- org.abc.C -->
