<?xml version="1.0" encoding="UTF-8"?>
<!-- Generated by org.testng.reporters.JUnitReportReporter -->
<testsuite skipped="0" hostname="DESKTOP-ETQ7N34" name="org.test.TestClass" tests="3" failures="0" timestamp="29 Aug 2023 03:39:41 GMT" time="0.062" errors="0">
  <testcase name="Test" time="0.031" classname="org.test.TestClass"/>
  <testcase name="Test2" time="0.016" classname="org.test.TestClass"/>
  <testcase name="Test2" time="0.015" classname="org.test.TestClass"/>
</testsuite> <!-- org.test.TestClass -->
