<?xml version="1.0" encoding="UTF-8"?>
<!-- Generated by org.testng.reporters.JUnitReportReporter -->
<testsuite skipped="0" hostname="DESKTOP-ETQ7N34" name="Lunch.TestClass" tests="1" failures="0" timestamp="21 Sep 2023 16:41:00 GMT" time="6.331" errors="0">
  <testcase name="test" time="6.331" classname="Lunch.TestClass"/>
</testsuite> <!-- Lunch.TestClass -->
