<?xml version="1.0" encoding="UTF-8"?>
<!-- Generated by org.testng.reporters.JUnitReportReporter -->
<testsuite skipped="0" hostname="DESKTOP-ETQ7N34" name="org.Abc.B" tests="6" failures="0" timestamp="04 Sep 2023 06:40:31 GMT" time="0.108" errors="0">
  <testcase name="b2" time="0.026" classname="org.Abc.B"/>
  <testcase name="b1" time="0.007" classname="org.Abc.B"/>
  <testcase name="b1" time="0.018" classname="org.Abc.B"/>
  <testcase name="b3" time="0.003" classname="org.Abc.B"/>
  <testcase name="b3" time="0.007" classname="org.Abc.B"/>
  <testcase name="b2" time="0.047" classname="org.Abc.B"/>
</testsuite> <!-- org.Abc.B -->
