<?xml version="1.0" encoding="UTF-8"?>
<!-- Generated by org.testng.reporters.JUnitReportReporter -->
<testsuite skipped="2" hostname="DESKTOP-ETQ7N34" name="org.Abc.A" tests="6" failures="0" timestamp="04 Sep 2023 06:40:31 GMT" time="0.352" errors="0">
  <testcase name="A2" time="0.043" classname="org.Abc.A"/>
  <testcase name="A2" time="0.050" classname="org.Abc.A"/>
  <testcase name="A1" time="0.004" classname="org.Abc.A"/>
  <testcase name="A1" time="0.255" classname="org.Abc.A"/>
  <testcase name="A3" classname="org.Abc.A">
    <skipped/>
  </testcase> <!-- A3 -->
  <testcase name="A3" classname="org.Abc.A">
    <skipped/>
  </testcase> <!-- A3 -->
</testsuite> <!-- org.Abc.A -->
