<?xml version="1.0" encoding="UTF-8"?>
<!-- Generated by org.testng.reporters.JUnitReportReporter -->
<testsuite skipped="0" hostname="DESKTOP-ETQ7N34" name="org.LunchClass.Lunchclass" tests="2" failures="0" timestamp="29 Aug 2023 08:43:10 GMT" time="20.835" errors="0">
  <testcase name="test1" time="1.815" classname="org.LunchClass.Lunchclass"/>
  <testcase name="test2" time="19.020" classname="org.LunchClass.Lunchclass"/>
</testsuite> <!-- org.LunchClass.Lunchclass -->
