<?xml version="1.0" encoding="UTF-8"?>
<!-- Generated by org.testng.reporters.JUnitReportReporter -->
<testsuite skipped="0" hostname="DESKTOP-ETQ7N34" name="org.Samples.Groups" tests="6" failures="0" timestamp="01 Sep 2023 06:43:23 GMT" time="0.109" errors="0">
  <testcase name="a5" time="0.000" classname="org.Samples.Groups"/>
  <testcase name="a2" time="0.016" classname="org.Samples.Groups"/>
  <testcase name="a3" time="0.015" classname="org.Samples.Groups"/>
  <testcase name="a4" time="0.016" classname="org.Samples.Groups"/>
  <testcase name="a1" time="0.031" classname="org.Samples.Groups"/>
  <testcase name="a6" time="0.031" classname="org.Samples.Groups"/>
</testsuite> <!-- org.Samples.Groups -->
