<?xml version="1.0" encoding="UTF-8"?>
<!-- Generated by org.testng.reporters.JUnitReportReporter -->
<testsuite skipped="0" hostname="DESKTOP-ETQ7N34" name="org.Samples.Samples" tests="2" failures="0" timestamp="30 Aug 2023 06:16:53 GMT" time="6.385" errors="0">
  <testcase name="hardAssert" time="3.211" classname="org.Samples.Samples"/>
  <testcase name="SoftAssert" time="3.174" classname="org.Samples.Samples"/>
</testsuite> <!-- org.Samples.Samples -->
