<?xml version="1.0" encoding="UTF-8"?>
<!-- Generated by org.testng.reporters.JUnitReportReporter -->
<testsuite skipped="0" hostname="DESKTOP-ETQ7N34" name="org.Abc.C" tests="6" failures="0" timestamp="04 Sep 2023 06:40:31 GMT" time="0.035" errors="0">
  <testcase name="c3" time="0.013" classname="org.Abc.C"/>
  <testcase name="c3" time="0.003" classname="org.Abc.C"/>
  <testcase name="c2" time="0.003" classname="org.Abc.C"/>
  <testcase name="c2" time="0.005" classname="org.Abc.C"/>
  <testcase name="c1" time="0.003" classname="org.Abc.C"/>
  <testcase name="c1" time="0.008" classname="org.Abc.C"/>
</testsuite> <!-- org.Abc.C -->
