<?xml version="1.0" encoding="UTF-8"?>
<!-- Generated by org.testng.reporters.JUnitReportReporter -->
<testsuite skipped="0" hostname="DESKTOP-ETQ7N34" name="org.Samples.DataprovoiderrrSample" tests="4" failures="0" timestamp="31 Aug 2023 07:41:59 GMT" time="26.872" errors="0">
  <testcase name="A1" time="1.366" classname="org.Samples.DataprovoiderrrSample"/>
  <testcase name="loginn" time="11.756" classname="org.Samples.DataprovoiderrrSample"/>
  <testcase name="loginn" time="3.085" classname="org.Samples.DataprovoiderrrSample"/>
  <testcase name="loginn" time="10.665" classname="org.Samples.DataprovoiderrrSample"/>
</testsuite> <!-- org.Samples.DataprovoiderrrSample -->
