<?xml version="1.0" encoding="UTF-8"?>
<!-- Generated by org.testng.reporters.JUnitReportReporter -->
<testsuite skipped="0" hostname="DESKTOP-ETQ7N34" name="org.lanuch.launch" tests="2" failures="0" timestamp="10 Sep 2023 05:18:26 GMT" time="12.278" errors="0">
  <testcase name="test1" time="8.371" classname="org.lanuch.launch"/>
  <testcase name="test2" time="3.907" classname="org.lanuch.launch"/>
</testsuite> <!-- org.lanuch.launch -->
