<?xml version="1.0" encoding="UTF-8"?>
<!-- Generated by org.testng.reporters.JUnitReportReporter -->
<testsuite skipped="0" hostname="DESKTOP-ETQ7N34" name="org.Day1Tasks.Task4" tests="1" failures="0" timestamp="15 Sep 2023 13:24:00 GMT" time="68.339" errors="0">
  <testcase name="test" time="68.339" classname="org.Day1Tasks.Task4"/>
</testsuite> <!-- org.Day1Tasks.Task4 -->
