<?xml version="1.0" encoding="UTF-8"?>
<!-- Generated by org.testng.reporters.JUnitReportReporter -->
<testsuite skipped="0" hostname="DESKTOP-ETQ7N34" name="org.Task1.Test1" tests="1" failures="0" timestamp="13 Sep 2023 09:17:28 GMT" time="32.419" errors="0">
  <testcase name="lunch" time="32.419" classname="org.Task1.Test1"/>
</testsuite> <!-- org.Task1.Test1 -->
