<?xml version="1.0" encoding="UTF-8"?>
<!-- Generated by org.testng.reporters.JUnitReportReporter -->
<testsuite skipped="0" hostname="DESKTOP-ETQ7N34" name="org.Day1Tasks.Task1" tests="1" failures="0" timestamp="13 Sep 2023 12:16:50 GMT" time="36.655" errors="0">
  <testcase name="test" time="36.655" classname="org.Day1Tasks.Task1"/>
</testsuite> <!-- org.Day1Tasks.Task1 -->
