<?xml version="1.0" encoding="UTF-8"?>
<!-- Generated by org.testng.reporters.JUnitReportReporter -->
<testsuite skipped="0" hostname="DESKTOP-ETQ7N34" name="org.Day1Tasks.Task2" tests="1" failures="0" timestamp="13 Sep 2023 12:05:35 GMT" time="27.380" errors="0">
  <testcase name="lunch" time="27.380" classname="org.Day1Tasks.Task2"/>
</testsuite> <!-- org.Day1Tasks.Task2 -->
