<?xml version="1.0" encoding="UTF-8"?>
<!-- Generated by org.testng.reporters.JUnitReportReporter -->
<testsuite skipped="0" hostname="DESKTOP-ETQ7N34" name="org.Day1Tasks.Task3" tests="1" failures="0" timestamp="13 Sep 2023 14:38:12 GMT" time="30.395" errors="0">
  <testcase name="test" time="30.395" classname="org.Day1Tasks.Task3"/>
</testsuite> <!-- org.Day1Tasks.Task3 -->
