<?xml version="1.0" encoding="UTF-8"?>
<!-- Generated by org.testng.reporters.JUnitReportReporter -->
<testsuite skipped="0" hostname="DESKTOP-ETQ7N34" name="org.Day1Tasks.Lunch" tests="1" failures="0" timestamp="15 Sep 2023 13:56:17 GMT" time="17.078" errors="0">
  <testcase name="code" time="17.078" classname="org.Day1Tasks.Lunch"/>
</testsuite> <!-- org.Day1Tasks.Lunch -->
