<?xml version="1.0" encoding="UTF-8"?>
<!-- Generated by org.testng.reporters.JUnitReportReporter -->
<testsuite skipped="0" hostname="DESKTOP-ETQ7N34" name="org.Task1.Test2" tests="1" failures="0" timestamp="13 Sep 2023 10:39:08 GMT" time="28.092" errors="0">
  <testcase name="lunch" time="28.092" classname="org.Task1.Test2"/>
</testsuite> <!-- org.Task1.Test2 -->
