<?xml version="1.0" encoding="UTF-8"?>
<!-- Generated by org.testng.reporters.JUnitReportReporter -->
<testsuite skipped="0" hostname="DESKTOP-ETQ7N34" name="org.Task1.Task3" tests="1" failures="0" timestamp="13 Sep 2023 10:31:33 GMT" time="25.275" errors="0">
  <testcase name="lunch" time="25.275" classname="org.Task1.Task3"/>
</testsuite> <!-- org.Task1.Task3 -->
