<?xml version="1.0" encoding="UTF-8"?>
<!-- Generated by org.testng.reporters.JUnitReportReporter -->
<testsuite skipped="0" hostname="DESKTOP-ETQ7N34" name="org.Task1.Task1" tests="1" failures="0" timestamp="13 Sep 2023 10:02:39 GMT" time="39.518" errors="0">
  <testcase name="test" time="39.518" classname="org.Task1.Task1"/>
</testsuite> <!-- org.Task1.Task1 -->
