<?xml version="1.0" encoding="UTF-8"?>
<!-- Generated by org.testng.reporters.JUnitReportReporter -->
<testsuite skipped="0" hostname="DESKTOP-ETQ7N34" name="org.Day1Tasks.Test5" tests="1" failures="0" timestamp="13 Sep 2023 14:27:06 GMT" time="36.618" errors="0">
  <testcase name="lunch" time="36.618" classname="org.Day1Tasks.Test5"/>
</testsuite> <!-- org.Day1Tasks.Test5 -->
